TN:
SF:src\config\environments.ts
FN:40,getCurrentEnvironment
FN:55,getFullyQualifiedTableName
FN:66,getEnvVar
FNF:3
FNH:1
FNDA:3,getCurrentEnvironment
FNDA:0,getFullyQualifiedTableName
FNDA:0,getEnvVar
DA:18,4
DA:40,4
DA:41,3
DA:42,3
DA:44,3
DA:45,0
DA:48,3
DA:55,4
DA:56,0
DA:57,0
DA:66,4
DA:67,0
LF:12
LH:8
BRDA:41,0,0,3
BRDA:41,0,1,0
BRDA:44,1,0,0
BRDA:67,2,0,0
BRDA:67,2,1,0
BRF:5
BRH:1
end_of_record
TN:
SF:src\controller\etl.controller.ts
FN:13,(anonymous_0)
FN:22,(anonymous_1)
FNF:2
FNH:2
FNDA:5,(anonymous_0)
FNDA:5,(anonymous_1)
DA:2,1
DA:3,1
DA:4,1
DA:10,1
DA:14,5
DA:23,5
DA:25,5
DA:26,5
DA:30,5
DA:31,1
DA:32,1
DA:36,1
DA:39,4
DA:40,4
DA:43,4
DA:46,3
DA:47,2
DA:49,1
DA:52,1
DA:53,1
DA:55,1
LF:21
LH:21
BRDA:26,0,0,2
BRDA:26,0,1,3
BRDA:30,1,0,1
BRDA:46,2,0,2
BRDA:46,2,1,1
BRDA:52,3,0,1
BRDA:52,3,1,0
BRF:7
BRH:6
end_of_record
TN:
SF:src\controller\reprocess.controller.ts
FN:20,(anonymous_0)
FN:29,(anonymous_1)
FNF:2
FNH:2
FNDA:5,(anonymous_0)
FNDA:5,(anonymous_1)
DA:2,1
DA:3,1
DA:4,1
DA:17,1
DA:21,5
DA:30,5
DA:31,5
DA:33,5
DA:34,1
DA:35,1
DA:39,1
DA:42,4
DA:43,1
DA:44,1
DA:48,1
DA:51,3
DA:52,3
DA:55,3
DA:58,2
DA:59,1
DA:61,1
DA:64,1
DA:65,1
DA:67,1
LF:24
LH:24
BRDA:33,0,0,1
BRDA:33,1,0,5
BRDA:33,1,1,5
BRDA:42,2,0,1
BRDA:58,3,0,1
BRDA:58,3,1,1
BRDA:64,4,0,1
BRDA:64,4,1,0
BRF:8
BRH:7
end_of_record
TN:
SF:src\query\imp.query.ts
FN:14,(anonymous_0)
FN:59,(anonymous_1)
FNF:2
FNH:2
FNDA:1,(anonymous_0)
FNDA:1,(anonymous_1)
DA:1,4
DA:2,4
DA:8,4
DA:15,1
DA:16,1
DA:18,1
DA:60,1
LF:7
LH:7
BRF:0
BRH:0
end_of_record
TN:
SF:src\repository\bigquery.repository.ts
FN:12,(anonymous_0)
FN:24,(anonymous_1)
FN:45,(anonymous_2)
FN:69,(anonymous_3)
FNF:4
FNH:3
FNDA:3,(anonymous_0)
FNDA:7,(anonymous_1)
FNDA:0,(anonymous_2)
FNDA:1,(anonymous_3)
DA:1,4
DA:2,4
DA:3,4
DA:9,4
DA:13,3
DA:16,3
DA:25,7
DA:26,7
DA:30,7
DA:31,7
DA:32,7
DA:33,7
DA:35,0
DA:36,0
DA:46,0
DA:48,0
DA:53,0
DA:54,0
DA:55,0
DA:56,0
DA:58,0
DA:59,0
DA:70,1
DA:71,0
DA:72,0
DA:75,1
DA:76,1
DA:79,1
DA:82,1
DA:84,1
DA:85,1
DA:86,0
DA:88,0
DA:89,0
DA:92,0
DA:93,0
DA:96,1
DA:101,1
DA:102,1
DA:104,0
DA:105,0
LF:41
LH:22
BRDA:26,0,0,6
BRDA:26,0,1,1
BRDA:32,1,0,7
BRDA:32,1,1,3
BRDA:33,2,0,7
BRDA:33,2,1,0
BRDA:70,3,0,0
BRDA:70,4,0,1
BRDA:70,4,1,1
BRDA:82,5,0,1
BRDA:82,5,1,0
BRDA:86,6,0,0
BRDA:86,6,1,0
BRF:13
BRH:8
end_of_record
TN:
SF:src\service\etl.service.ts
FN:25,(anonymous_0)
FN:35,(anonymous_1)
FN:84,(anonymous_2)
FNF:3
FNH:3
FNDA:3,(anonymous_0)
FNDA:3,(anonymous_1)
FNDA:3,(anonymous_2)
DA:1,3
DA:2,3
DA:3,3
DA:4,3
DA:5,3
DA:21,3
DA:26,3
DA:27,3
DA:36,3
DA:37,3
DA:39,3
DA:41,3
DA:44,2
DA:45,2
DA:47,2
DA:48,1
DA:49,1
DA:57,1
DA:58,1
DA:61,1
DA:63,1
DA:64,1
DA:70,1
DA:71,1
DA:73,1
DA:85,3
DA:86,3
DA:87,3
DA:89,3
DA:90,3
DA:91,2
DA:93,1
DA:94,1
LF:33
LH:33
BRDA:47,0,0,1
BRDA:70,1,0,1
BRDA:70,1,1,0
BRF:3
BRH:2
end_of_record
TN:
SF:src\util\date.util.ts
FN:9,(anonymous_0)
FN:29,(anonymous_1)
FN:51,(anonymous_2)
FNF:3
FNH:3
FNDA:1,(anonymous_0)
FNDA:14,(anonymous_1)
FNDA:11,(anonymous_2)
DA:4,6
DA:11,1
DA:14,1
DA:15,1
DA:18,1
DA:20,1
DA:30,14
DA:31,14
DA:32,14
DA:33,14
DA:34,14
DA:35,14
DA:37,14
DA:52,11
DA:55,10
DA:56,10
DA:59,7
DA:60,7
DA:62,7
DA:65,5
LF:20
LH:20
BRDA:52,0,0,1
BRDA:56,1,0,3
BRDA:62,2,0,2
BRF:3
BRH:3
end_of_record
TN:
SF:src\util\logger.ts
FN:18,(anonymous_1)
FN:31,configureLogger
FN:53,formatError
FNF:3
FNH:2
FNDA:36,(anonymous_1)
FNDA:0,configureLogger
FNDA:2,formatError
DA:1,9
DA:7,9
DA:19,36
DA:31,9
DA:33,0
DA:34,0
DA:38,0
DA:39,0
DA:45,0
DA:53,9
DA:54,2
DA:55,2
DA:61,0
LF:13
LH:7
BRDA:8,0,0,9
BRDA:8,0,1,9
BRDA:20,1,0,36
BRDA:20,1,1,0
BRDA:33,2,0,0
BRDA:38,3,0,0
BRDA:54,4,0,2
BRF:7
BRH:4
end_of_record
